<?xml version="1.0" encoding="UTF-8"?>
<testng-results ignored="0" total="3" passed="3" failed="0" skipped="0">
  <reporter-output>
  </reporter-output>
  <suite started-at="2026-01-02T13:52:06 IST" name="Default suite" finished-at="2026-01-02T13:52:06 IST" duration-ms="707">
    <groups>
    </groups>
    <test started-at="2026-01-02T13:52:06 IST" name="Default test" finished-at="2026-01-02T13:52:06 IST" duration-ms="707">
      <class name="Test1">
        <test-method signature="kaushal(java.lang.String,java.lang.String,java.lang.String)[pri:0, instance:Test1@53aad5d5]" started-at="2026-01-02T13:52:06 IST" name="kaushal" data-provider="Example" finished-at="2026-01-02T13:52:06 IST" duration-ms="12" status="PASS">
          <params>
            <param index="0">
              <value>
                <![CDATA[kaushal]]>
              </value>
            </param>
            <param index="1">
              <value>
                <![CDATA[kaushalpass]]>
              </value>
            </param>
            <param index="2">
              <value>
                <![CDATA[123]]>
              </value>
            </param>
          </params>
          <reporter-output>
          </reporter-output>
        </test-method> <!-- kaushal -->
        <test-method signature="kaushal(java.lang.String,java.lang.String,java.lang.String)[pri:0, instance:Test1@53aad5d5]" started-at="2026-01-02T13:52:06 IST" name="kaushal" data-provider="Example" finished-at="2026-01-02T13:52:06 IST" duration-ms="1" status="PASS">
          <params>
            <param index="0">
              <value>
                <![CDATA[Hemali]]>
              </value>
            </param>
            <param index="1">
              <value>
                <![CDATA[HemaliPass]]>
              </value>
            </param>
            <param index="2">
              <value>
                <![CDATA[456]]>
              </value>
            </param>
          </params>
          <reporter-output>
          </reporter-output>
        </test-method> <!-- kaushal -->
        <test-method signature="kaushal(java.lang.String,java.lang.String,java.lang.String)[pri:0, instance:Test1@53aad5d5]" started-at="2026-01-02T13:52:06 IST" name="kaushal" data-provider="Example" finished-at="2026-01-02T13:52:06 IST" duration-ms="2" status="PASS">
          <params>
            <param index="0">
              <value>
                <![CDATA[Hetanksh]]>
              </value>
            </param>
            <param index="1">
              <value>
                <![CDATA[HetankshPass]]>
              </value>
            </param>
            <param index="2">
              <value>
                <![CDATA[789]]>
              </value>
            </param>
          </params>
          <reporter-output>
          </reporter-output>
        </test-method> <!-- kaushal -->
      </class> <!-- Test1 -->
    </test> <!-- Default test -->
  </suite> <!-- Default suite -->
</testng-results>
